<?xml version="1.0" encoding="UTF-8"?>
<!-- Generated by org.testng.reporters.JUnitXMLReporter -->
<testsuite hostname="mgoswami-ltm" name="Default test" tests="2" failures="0" timestamp="28 Jun 2015 13:38:07 GMT" time="0.057" errors="0">
  <testcase name="park" time="0.035" classname="com.mlt.parking.parkingsolution.impl.ParkingControllerTest"/>
  <testcase name="removeVehicle" time="0.002" classname="com.mlt.parking.parkingsolution.impl.ParkingControllerTest"/>
</testsuite> <!-- Default test -->
