<?xml version="1.0" encoding="UTF-8"?>
<testng-results skipped="0" failed="0" total="2" passed="2">
  <reporter-output>
  </reporter-output>
  <suite name="Default suite" duration-ms="57" started-at="2015-06-28T13:38:07Z" finished-at="2015-06-28T13:38:07Z">
    <groups>
    </groups>
    <test name="Default test" duration-ms="57" started-at="2015-06-28T13:38:07Z" finished-at="2015-06-28T13:38:07Z">
      <class name="com.mlt.parking.parkingsolution.impl.ParkingControllerTest">
        <test-method status="PASS" signature="park()[pri:0, instance:com.mlt.parking.parkingsolution.impl.ParkingControllerTest@2a009175]" name="park" duration-ms="35" started-at="2015-06-28T19:08:07Z" finished-at="2015-06-28T19:08:07Z">
          <reporter-output>
          </reporter-output>
        </test-method> <!-- park -->
        <test-method status="PASS" signature="removeVehicle()[pri:0, instance:com.mlt.parking.parkingsolution.impl.ParkingControllerTest@2a009175]" name="removeVehicle" duration-ms="2" started-at="2015-06-28T19:08:07Z" finished-at="2015-06-28T19:08:07Z">
          <reporter-output>
          </reporter-output>
        </test-method> <!-- removeVehicle -->
      </class> <!-- com.mlt.parking.parkingsolution.impl.ParkingControllerTest -->
    </test> <!-- Default test -->
  </suite> <!-- Default suite -->
</testng-results>
